<?xml version="1.0" encoding="UTF-8"?>
<!-- Generated by org.testng.reporters.JUnitReportReporter -->
<testsuite hostname="Yash" failures="0" tests="2" name="wibgngify_assignment_.assignment_.login_testclass" time="49.620" errors="0" timestamp="2023-01-19T11:59:34 IST" skipped="0">
  <testcase classname="wibgngify_assignment_.assignment_.login_testclass" name="t1" time="22.875"/>
  <system-out/>
  <testcase classname="wibgngify_assignment_.assignment_.login_testclass" name="t2" time="26.745"/>
  <system-out/>
</testsuite> <!-- wibgngify_assignment_.assignment_.login_testclass -->
